        -:    0:Source:main.c
        -:    0:Graph:main.gcno
        -:    0:Data:main.gcda
        -:    0:Runs:1
        -:    0:Programs:1
        -:    1:#include <stdio.h>
        -:    2:#include <math.h>
        -:    3:#include <assert.h>
function computeBMI called 5 returned 100% blocks executed 100%
        5:    4:double computeBMI(int kg, int height) {
        5:    5:    double BMI = 0.0, M = height/100.0;
        5:    6:    if (kg<=0 || height<=0)
branch  0 taken 4
branch  1 taken 1
branch  2 taken 1
branch  3 taken 3
        2:    7:        return 0;
        3:    8:    BMI = round(100*kg/(M*M))/100;
        3:    9:    if (BMI <18.5)
branch  0 taken 1
branch  1 taken 2
        1:   10:        return -1;
        2:   11:    if (BMI >24)
branch  0 taken 1
branch  1 taken 1
        1:   12:        return -2;
        1:   13:    return BMI;
        5:   14:}
        -:   15:
function main called 1 returned 100% blocks executed 100%
        1:   16:int main(){
        1:   17:    int kg = 52, height = 155;
        -:   18://    double except = 21.64f
        1:   19:    double result = computeBMI(kg, height);
        1:   20:    kg = 0; height = 1;
        1:   21:    result = computeBMI(kg, height);
        1:   22:    kg = 1; height = 0;
        1:   23:    result = computeBMI(kg, height);
        1:   24:    kg = 300; height = 160;
        1:   25:    result = computeBMI(kg, height);
        1:   26:    kg = 40; height = 170;
        1:   27:    result = computeBMI(kg, height);
        -:   28:    
        1:   29:    return 0;
        -:   30:}
