        -:    0:Source:main.c
        -:    0:Graph:main.gcno
        -:    0:Data:main.gcda
        -:    0:Runs:1
        -:    0:Programs:1
        -:    1:#include <stdio.h>
        -:    2:#include <math.h>
        -:    3:#include <assert.h>
function computeBMI called 2 returned 100% blocks executed 100%
        2:    4:double computeBMI(int kg, int cm) {
        2:    5:    double BMI = 0.0, M = cm/100.0;
        2:    6:    if (kg<=0 || M<=0)
branch  0 taken 1
branch  1 taken 1
branch  2 taken 0
branch  3 taken 1
        1:    7:        return -1;
        1:    8:    BMI = round(100*kg/(M*M))/100;
        1:    9:    return BMI;
        2:   10:}
function main called 1 returned 100% blocks executed 66%
        1:   11:int main() {
        1:   12:    int kg = 52, cm = 155;
        1:   13:    double expectedResult = 21.64f;
        1:   14:    double result = computeBMI(kg, cm);
        1:   15:    assert(fabs(result-expectedResult)<0.0001);
branch  0 taken 0
branch  1 taken 1
        1:   16:    kg = -1;
        1:   17:    cm = -1;
        1:   18:    expectedResult = -1;
        1:   19:    result = computeBMI(kg, cm);
        1:   20:    printf("Hi\n");
        1:   21:    return 0;
        -:   22:}
